<LIFE_SIMULATION>
	<LAND_BOUNDS>
		<WIDTH>
			500.0
		</WIDTH>
		<HEIGHT>
			500.0
		</HEIGHT>
	</LAND_BOUNDS>
	<PREDATORS>
		<INITIAL_PREDATOR_COUNT>
			2
		</INITIAL_PREDATOR_COUNT>
		<MAX_SPEED_HOD>
			20.0
		</MAX_SPEED_HOD>
		<MAX_SPEED_HED>
			18.0
		</MAX_SPEED_HED>
		<MAX_SPEED_HOR>
			15.0
		</MAX_SPEED_HOR>
		<P_MAINTAIN_SPEED>
			4.0
		</P_MAINTAIN_SPEED>
		<P_ENERGY_OUTPUT>
			10
		</P_ENERGY_OUTPUT>
		<P_ENERGY_TO_REPRODUCE>
			500
		</P_ENERGY_TO_REPRODUCE>
		<P_MAX_OFFSPRING>
			3
		</P_MAX_OFFSPRING>
		<P_GESTATION>
			5.0
		</P_GESTATION>
		<P_OFFSPRING_ENERGY>
			100
		</P_OFFSPRING_ENERGY>
		<PREDATOR>
			<X_POS>
				200
			</X_POS>
			<Y_POS>
				250
			</Y_POS>
			<P_ENERGY_LEVEL>
				499
			</P_ENERGY_LEVEL>
			<GENOTYPE>
				AA SS FF
			</GENOTYPE>
		</PREDATOR>
		<PREDATOR>
			<X_POS>
				300
			</X_POS>
			<Y_POS>
				250
			</Y_POS>
			<P_ENERGY_LEVEL>
				400
			</P_ENERGY_LEVEL>
			<GENOTYPE>
				aa ss ff
			</GENOTYPE>
		</PREDATOR>
	</PREDATORS>
</LIFE_SIMULATION>