<LIFE_SIMULATION>
	<LAND_BOUNDS>
		<WIDTH>
			500.0
		</WIDTH>
		<HEIGHT>
			500.0
		</HEIGHT>
	</LAND_BOUNDS>
	<GRAZERS>
		<INITIAL_GRAZER_COUNT>
			1     
		</INITIAL_GRAZER_COUNT>
		<G_ENERGY_INPUT>
			5
		</G_ENERGY_INPUT>
		<G_ENERGY_OUTPUT>
			1
		</G_ENERGY_OUTPUT>
		<G_ENERGY_TO_REPRODUCE>
			100
		</G_ENERGY_TO_REPRODUCE>
		<G_MAINTAIN_SPEED>
			3.0
		</G_MAINTAIN_SPEED>
		<G_MAX_SPEED>
			20.0
		</G_MAX_SPEED>
		<GRAZER>
			<X_POS>
				200
			</X_POS>
			<Y_POS>
				250
			</Y_POS>
			<G_ENERGY_LEVEL>
				99
			</G_ENERGY_LEVEL>
		</GRAZER>
	</GRAZERS>
		<PREDATORS>
		<INITIAL_PREDATOR_COUNT>
			1
		</INITIAL_PREDATOR_COUNT>
		<MAX_SPEED_HOD>
			20.0
		</MAX_SPEED_HOD>
		<MAX_SPEED_HED>
			18.0
		</MAX_SPEED_HED>
		<MAX_SPEED_HOR>
			15.0
		</MAX_SPEED_HOR>
		<P_MAINTAIN_SPEED>
			4.0
		</P_MAINTAIN_SPEED>
		<P_ENERGY_OUTPUT>
			10
		</P_ENERGY_OUTPUT>
		<P_ENERGY_TO_REPRODUCE>
			500
		</P_ENERGY_TO_REPRODUCE>
		<P_MAX_OFFSPRING>
			3
		</P_MAX_OFFSPRING>
		<P_GESTATION>
			5.0
		</P_GESTATION>
		<P_OFFSPRING_ENERGY>
			100
		</P_OFFSPRING_ENERGY>
		<PREDATOR>
			<X_POS>
				300
			</X_POS>
			<Y_POS>
				250
			</Y_POS>
			<P_ENERGY_LEVEL>
				450
			</P_ENERGY_LEVEL>
			<GENOTYPE>
				AA SS FF
			</GENOTYPE>
		</PREDATOR>
	</PREDATORS>
</LIFE_SIMULATION>