<LIFE_SIMULATION>
	<LAND_BOUNDS>
		<WIDTH>
			500.0
		</WIDTH>
		<HEIGHT>
			500.0
		</HEIGHT>
	</LAND_BOUNDS>
	<PLANTS>
		<INITIAL_PLANT_COUNT>
			1
		</INITIAL_PLANT_COUNT>
		<GROWTH_RATE>
			0.1
		</GROWTH_RATE>
		<MAX_SIZE>
			100
		</MAX_SIZE>
		<MAX_SEED_CAST_DISTANCE>
			250
		</MAX_SEED_CAST_DISTANCE>
		<MAX_SEED_NUMBER>
			6
		</MAX_SEED_NUMBER>
		<SEED_VIABILITY>
			.50
		</SEED_VIABILITY>
		<PLANT>
			<X_POS>
				150
			</X_POS>
			<Y_POS>
				250
			</Y_POS>
			<P_DIAMETER>
				25			
			</P_DIAMETER>			
		</PLANT>
	</PLANTS>
	<GRAZERS>
		<INITIAL_GRAZER_COUNT>
			1     
		</INITIAL_GRAZER_COUNT>
		<G_ENERGY_INPUT>
			5
		</G_ENERGY_INPUT>
		<G_ENERGY_OUTPUT>
			1
		</G_ENERGY_OUTPUT>
		<G_ENERGY_TO_REPRODUCE>
			100
		</G_ENERGY_TO_REPRODUCE>
		<G_MAINTAIN_SPEED>
			3.0
		</G_MAINTAIN_SPEED>
		<G_MAX_SPEED>
			20.0
		</G_MAX_SPEED>
		<GRAZER>
			<X_POS>
				335
			</X_POS>
			<Y_POS>
				250
			</Y_POS>
			<G_ENERGY_LEVEL>
				200
			</G_ENERGY_LEVEL>
		</GRAZER>
	</GRAZERS>
	<OBSTACLES>
		<INITIAL_OBSTACLE_COUNT>
			1
		</INITIAL_OBSTACLE_COUNT>
		<OBSTACLE>
			<X_POS>
				250
			</X_POS>
			<Y_POS>
				250
			</Y_POS>
			<O_DIAMETER>
				25			
			</O_DIAMETER>			
			<O_HEIGHT>
				15
			</O_HEIGHT>
		</OBSTACLE>
	</OBSTACLES>
</LIFE_SIMULATION>